c:\users\sangwon\documents\visual studio 2015\projects\myframework\client\include\debug\vc140.pdb
c:\users\sangwon\documents\visual studio 2015\projects\myframework\client\include\debug\vc140.idb
c:\users\sangwon\documents\visual studio 2015\projects\myframework\client\include\debug\clientcore.obj
c:\users\sangwon\documents\visual studio 2015\projects\myframework\client\include\debug\main.obj
c:\users\sangwon\documents\visual studio 2015\projects\myframework\client\include\debug\bullet.obj
c:\users\sangwon\documents\visual studio 2015\projects\myframework\client\include\debug\player.obj
c:\users\sangwon\documents\visual studio 2015\projects\myframework\client\include\debug\mainscene.obj
c:\users\sangwon\documents\visual studio 2015\projects\myframework\client\include\debug\monster.obj
c:\users\sangwon\documents\visual studio 2015\projects\myframework\client\bin_debug\client_debug.ilk
c:\users\sangwon\documents\visual studio 2015\projects\myframework\client\bin_debug\client_debug.exe
c:\users\sangwon\documents\visual studio 2015\projects\myframework\client\bin_debug\client_debug.pdb
c:\users\sangwon\documents\visual studio 2015\projects\myframework\client\include\debug\client.res
c:\users\sangwon\documents\visual studio 2015\projects\myframework\client\include\debug\player.obj.enc
c:\users\sangwon\documents\visual studio 2015\projects\myframework\/client/bin_debug\client_debug.pdb
c:\users\sangwon\documents\visual studio 2015\projects\myframework\/client/bin_debug\client_debug.exe
c:\users\sangwon\documents\visual studio 2015\projects\myframework\/client/bin_debug\client_debug.ilk
c:\users\sangwon\documents\visual studio 2015\projects\myframework\client\include\debug\client.tlog\cl.command.1.tlog
c:\users\sangwon\documents\visual studio 2015\projects\myframework\client\include\debug\client.tlog\cl.read.1.tlog
c:\users\sangwon\documents\visual studio 2015\projects\myframework\client\include\debug\client.tlog\cl.write.1.tlog
c:\users\sangwon\documents\visual studio 2015\projects\myframework\client\include\debug\client.tlog\link.command.1.tlog
c:\users\sangwon\documents\visual studio 2015\projects\myframework\client\include\debug\client.tlog\link.read.1.tlog
c:\users\sangwon\documents\visual studio 2015\projects\myframework\client\include\debug\client.tlog\link.write.1.tlog
c:\users\sangwon\documents\visual studio 2015\projects\myframework\client\include\debug\client.tlog\rc.command.1.tlog
c:\users\sangwon\documents\visual studio 2015\projects\myframework\client\include\debug\client.tlog\rc.read.1.tlog
c:\users\sangwon\documents\visual studio 2015\projects\myframework\client\include\debug\client.tlog\rc.write.1.tlog
