c:\users\sangwon\documents\visual studio 2015\projects\myframework\client\include\release\vc140.pdb
c:\users\sangwon\documents\visual studio 2015\projects\myframework\client\include\release\mainscene.obj
c:\users\sangwon\documents\visual studio 2015\projects\myframework\client\include\release\main.obj
c:\users\sangwon\documents\visual studio 2015\projects\myframework\client\include\release\clientcore.obj
c:\users\sangwon\documents\visual studio 2015\projects\myframework\client\bin\client.lib
c:\users\sangwon\documents\visual studio 2015\projects\myframework\client\bin\client.exp
c:\users\sangwon\documents\visual studio 2015\projects\myframework\client\bin\client.exe
c:\users\sangwon\documents\visual studio 2015\projects\myframework\client\bin\client.ipdb
c:\users\sangwon\documents\visual studio 2015\projects\myframework\client\bin\client.iobj
c:\users\sangwon\documents\visual studio 2015\projects\myframework\client\bin\client.pdb
c:\users\sangwon\documents\visual studio 2015\projects\myframework\client\include\release\client.res
c:\users\sangwon\documents\visual studio 2015\projects\myframework\/client/bin\client.pdb
c:\users\sangwon\documents\visual studio 2015\projects\myframework\/client/bin\client.exe
c:\users\sangwon\documents\visual studio 2015\projects\myframework\client\include\release\client.tlog\cl.command.1.tlog
c:\users\sangwon\documents\visual studio 2015\projects\myframework\client\include\release\client.tlog\cl.read.1.tlog
c:\users\sangwon\documents\visual studio 2015\projects\myframework\client\include\release\client.tlog\cl.write.1.tlog
c:\users\sangwon\documents\visual studio 2015\projects\myframework\client\include\release\client.tlog\client.write.1u.tlog
c:\users\sangwon\documents\visual studio 2015\projects\myframework\client\include\release\client.tlog\link.command.1.tlog
c:\users\sangwon\documents\visual studio 2015\projects\myframework\client\include\release\client.tlog\link.read.1.tlog
c:\users\sangwon\documents\visual studio 2015\projects\myframework\client\include\release\client.tlog\link.write.1.tlog
c:\users\sangwon\documents\visual studio 2015\projects\myframework\client\include\release\client.tlog\rc.command.1.tlog
c:\users\sangwon\documents\visual studio 2015\projects\myframework\client\include\release\client.tlog\rc.read.1.tlog
c:\users\sangwon\documents\visual studio 2015\projects\myframework\client\include\release\client.tlog\rc.write.1.tlog
